{"/home/sysredux/Code/Coding Temple/TS/FocusQuest-gamified-productivity/src/App.tsx": {"path":"/home/sysredux/Code/Coding Temple/TS/FocusQuest-gamified-productivity/src/App.tsx","statementMap":{"0":{"start":{"line":3,"column":0},"end":{"line":3,"column":49}},"1":{"start":{"line":4,"column":0},"end":{"line":4,"column":46}},"2":{"start":{"line":5,"column":0},"end":{"line":5,"column":46}},"3":{"start":{"line":6,"column":0},"end":{"line":6,"column":38}},"4":{"start":{"line":7,"column":0},"end":{"line":7,"column":53}},"5":{"start":{"line":8,"column":0},"end":{"line":8,"column":44}},"6":{"start":{"line":9,"column":0},"end":{"line":9,"column":44}},"7":{"start":{"line":11,"column":29},"end":{"line":33,"column":1}},"8":{"start":{"line":12,"column":26},"end":{"line":12,"column":36}},"9":{"start":{"line":14,"column":4},"end":{"line":22,"column":5}},"10":{"start":{"line":15,"column":8},"end":{"line":21,"column":10}},"11":{"start":{"line":24,"column":4},"end":{"line":32,"column":6}},"12":{"start":{"line":11,"column":13},"end":{"line":11,"column":29}},"13":{"start":{"line":35,"column":0},"end":{"line":35,"column":19}}},"fnMap":{"0":{"name":"(anonymous_0)","decl":{"start":{"line":11,"column":29},"end":{"line":11,"column":32}},"loc":{"start":{"line":11,"column":34},"end":{"line":33,"column":1}}}},"branchMap":{"0":{"loc":{"start":{"line":14,"column":4},"end":{"line":22,"column":5}},"type":"if","locations":[{"start":{"line":14,"column":4},"end":{"line":22,"column":5}},{"start":{},"end":{}}]}},"s":{"0":0,"1":0,"2":0,"3":0,"4":0,"5":0,"6":0,"7":0,"8":0,"9":0,"10":0,"11":0,"12":0,"13":0},"f":{"0":0},"b":{"0":[0,0]}}
,"/home/sysredux/Code/Coding Temple/TS/FocusQuest-gamified-productivity/src/components/Auth0Guard.tsx": {"path":"/home/sysredux/Code/Coding Temple/TS/FocusQuest-gamified-productivity/src/components/Auth0Guard.tsx","statementMap":{"0":{"start":{"line":1,"column":0},"end":{"line":1,"column":64}},"1":{"start":{"line":8,"column":26},"end":{"line":20,"column":1}},"2":{"start":{"line":9,"column":22},"end":{"line":17,"column":6}},"3":{"start":{"line":11,"column":12},"end":{"line":14,"column":null}},"4":{"start":{"line":19,"column":4},"end":{"line":19,"column":25}},"5":{"start":{"line":8,"column":13},"end":{"line":8,"column":26}}},"fnMap":{"0":{"name":"(anonymous_0)","decl":{"start":{"line":8,"column":26},"end":{"line":8,"column":27}},"loc":{"start":{"line":8,"column":61},"end":{"line":20,"column":1}}},"1":{"name":"(anonymous_1)","decl":{"start":{"line":10,"column":23},"end":{"line":10,"column":26}},"loc":{"start":{"line":11,"column":12},"end":{"line":14,"column":null}}}},"branchMap":{},"s":{"0":0,"1":0,"2":0,"3":0,"4":0,"5":0},"f":{"0":0,"1":0},"b":{}}
,"/home/sysredux/Code/Coding Temple/TS/FocusQuest-gamified-productivity/src/components/LoginButton.tsx": {"path":"/home/sysredux/Code/Coding Temple/TS/FocusQuest-gamified-productivity/src/components/LoginButton.tsx","statementMap":{"0":{"start":{"line":1,"column":0},"end":{"line":1,"column":46}},"1":{"start":{"line":3,"column":37},"end":{"line":23,"column":1}},"2":{"start":{"line":4,"column":45},"end":{"line":4,"column":55}},"3":{"start":{"line":6,"column":24},"end":{"line":11,"column":6}},"4":{"start":{"line":6,"column":35},"end":{"line":11,"column":6}},"5":{"start":{"line":7,"column":8},"end":{"line":10,"column":11}},"6":{"start":{"line":13,"column":4},"end":{"line":22,"column":6}},"7":{"start":{"line":15,"column":27},"end":{"line":15,"column":40}},"8":{"start":{"line":3,"column":13},"end":{"line":3,"column":37}}},"fnMap":{"0":{"name":"(anonymous_7)","decl":{"start":{"line":3,"column":37},"end":{"line":3,"column":40}},"loc":{"start":{"line":3,"column":42},"end":{"line":23,"column":1}}},"1":{"name":"(anonymous_8)","decl":{"start":{"line":6,"column":24},"end":{"line":6,"column":33}},"loc":{"start":{"line":6,"column":35},"end":{"line":11,"column":6}}},"2":{"name":"(anonymous_9)","decl":{"start":{"line":6,"column":35},"end":{"line":6,"column":null}},"loc":{"start":{"line":6,"column":35},"end":{"line":11,"column":5}}},"3":{"name":"(anonymous_10)","decl":{"start":{"line":15,"column":21},"end":{"line":15,"column":24}},"loc":{"start":{"line":15,"column":27},"end":{"line":15,"column":40}}}},"branchMap":{"0":{"loc":{"start":{"line":20,"column":17},"end":{"line":20,"column":52}},"type":"cond-expr","locations":[{"start":{"line":20,"column":29},"end":{"line":20,"column":41}},{"start":{"line":20,"column":44},"end":{"line":20,"column":52}}]}},"s":{"0":0,"1":0,"2":0,"3":0,"4":0,"5":0,"6":0,"7":0,"8":0},"f":{"0":0,"1":0,"2":0,"3":0},"b":{"0":[0,0]}}
,"/home/sysredux/Code/Coding Temple/TS/FocusQuest-gamified-productivity/src/components/LogoutButton.tsx": {"path":"/home/sysredux/Code/Coding Temple/TS/FocusQuest-gamified-productivity/src/components/LogoutButton.tsx","statementMap":{"0":{"start":{"line":1,"column":0},"end":{"line":1,"column":46}},"1":{"start":{"line":3,"column":38},"end":{"line":29,"column":1}},"2":{"start":{"line":4,"column":34},"end":{"line":4,"column":44}},"3":{"start":{"line":7,"column":4},"end":{"line":28,"column":6}},"4":{"start":{"line":9,"column":27},"end":{"line":9,"column":89}},"5":{"start":{"line":3,"column":13},"end":{"line":3,"column":38}}},"fnMap":{"0":{"name":"(anonymous_0)","decl":{"start":{"line":3,"column":38},"end":{"line":3,"column":41}},"loc":{"start":{"line":3,"column":43},"end":{"line":29,"column":1}}},"1":{"name":"(anonymous_1)","decl":{"start":{"line":9,"column":21},"end":{"line":9,"column":24}},"loc":{"start":{"line":9,"column":27},"end":{"line":9,"column":89}}}},"branchMap":{"0":{"loc":{"start":{"line":14,"column":17},"end":{"line":25,"column":null}},"type":"cond-expr","locations":[{"start":{"line":15,"column":20},"end":{"line":15,"column":32}},{"start":{"line":17,"column":20},"end":{"line":24,"column":null}}]}},"s":{"0":0,"1":0,"2":0,"3":0,"4":0,"5":0},"f":{"0":0,"1":0},"b":{"0":[0,0]}}
,"/home/sysredux/Code/Coding Temple/TS/FocusQuest-gamified-productivity/src/components/NavBar.tsx": {"path":"/home/sysredux/Code/Coding Temple/TS/FocusQuest-gamified-productivity/src/components/NavBar.tsx","statementMap":{"0":{"start":{"line":1,"column":0},"end":{"line":1,"column":44}},"1":{"start":{"line":2,"column":0},"end":{"line":2,"column":46}},"2":{"start":{"line":3,"column":0},"end":{"line":3,"column":53}},"3":{"start":{"line":4,"column":0},"end":{"line":4,"column":44}},"4":{"start":{"line":5,"column":0},"end":{"line":5,"column":46}},"5":{"start":{"line":6,"column":0},"end":{"line":6,"column":47}},"6":{"start":{"line":8,"column":32},"end":{"line":99,"column":1}},"7":{"start":{"line":9,"column":49},"end":{"line":9,"column":59}},"8":{"start":{"line":10,"column":21},"end":{"line":10,"column":34}},"9":{"start":{"line":11,"column":46},"end":{"line":11,"column":61}},"10":{"start":{"line":12,"column":40},"end":{"line":12,"column":55}},"11":{"start":{"line":15,"column":4},"end":{"line":21,"column":11}},"12":{"start":{"line":16,"column":29},"end":{"line":18,"column":9}},"13":{"start":{"line":17,"column":12},"end":{"line":17,"column":47}},"14":{"start":{"line":19,"column":8},"end":{"line":19,"column":56}},"15":{"start":{"line":20,"column":8},"end":{"line":20,"column":72}},"16":{"start":{"line":20,"column":21},"end":{"line":20,"column":71}},"17":{"start":{"line":24,"column":4},"end":{"line":98,"column":6}},"18":{"start":{"line":51,"column":55},"end":{"line":51,"column":68}},"19":{"start":{"line":61,"column":55},"end":{"line":61,"column":77}},"20":{"start":{"line":96,"column":64},"end":{"line":96,"column":87}},"21":{"start":{"line":8,"column":13},"end":{"line":8,"column":32}}},"fnMap":{"0":{"name":"(anonymous_0)","decl":{"start":{"line":8,"column":32},"end":{"line":8,"column":35}},"loc":{"start":{"line":8,"column":37},"end":{"line":99,"column":1}}},"1":{"name":"(anonymous_1)","decl":{"start":{"line":15,"column":14},"end":{"line":15,"column":17}},"loc":{"start":{"line":15,"column":19},"end":{"line":21,"column":5}}},"2":{"name":"(anonymous_2)","decl":{"start":{"line":16,"column":29},"end":{"line":16,"column":32}},"loc":{"start":{"line":16,"column":34},"end":{"line":18,"column":9}}},"3":{"name":"(anonymous_3)","decl":{"start":{"line":20,"column":15},"end":{"line":20,"column":18}},"loc":{"start":{"line":20,"column":21},"end":{"line":20,"column":71}}},"4":{"name":"(anonymous_4)","decl":{"start":{"line":51,"column":49},"end":{"line":51,"column":52}},"loc":{"start":{"line":51,"column":55},"end":{"line":51,"column":68}}},"5":{"name":"(anonymous_5)","decl":{"start":{"line":61,"column":49},"end":{"line":61,"column":52}},"loc":{"start":{"line":61,"column":55},"end":{"line":61,"column":77}}},"6":{"name":"(anonymous_6)","decl":{"start":{"line":96,"column":58},"end":{"line":96,"column":61}},"loc":{"start":{"line":96,"column":64},"end":{"line":96,"column":87}}}},"branchMap":{"0":{"loc":{"start":{"line":28,"column":16},"end":{"line":28,"column":63}},"type":"cond-expr","locations":[{"start":{"line":28,"column":29},"end":{"line":28,"column":49}},{"start":{"line":28,"column":52},"end":{"line":28,"column":63}}]},"1":{"loc":{"start":{"line":45,"column":29},"end":{"line":88,"column":null}},"type":"cond-expr","locations":[{"start":{"line":46,"column":32},"end":{"line":46,"column":91}},{"start":{"line":47,"column":32},"end":{"line":88,"column":null}}]},"2":{"loc":{"start":{"line":47,"column":32},"end":{"line":88,"column":null}},"type":"cond-expr","locations":[{"start":{"line":48,"column":32},"end":{"line":85,"column":null}},{"start":{"line":88,"column":32},"end":{"line":88,"column":47}}]},"3":{"loc":{"start":{"line":67,"column":41},"end":{"line":77,"column":null}},"type":"cond-expr","locations":[{"start":{"line":68,"column":44},"end":{"line":71,"column":null}},{"start":{"line":74,"column":44},"end":{"line":76,"column":null}}]},"4":{"loc":{"start":{"line":67,"column":41},"end":{"line":67,"column":54}},"type":"cond-expr","locations":[{"start":{"line":67,"column":45},"end":{"line":67,"column":47}},{"start":{"line":67,"column":41},"end":{"line":67,"column":54}}]},"5":{"loc":{"start":{"line":67,"column":41},"end":{"line":67,"column":47}},"type":"binary-expr","locations":[{"start":{"line":67,"column":41},"end":{"line":67,"column":47}},{"start":{"line":67,"column":41},"end":{"line":67,"column":47}}]},"6":{"loc":{"start":{"line":76,"column":49},"end":{"line":76,"column":86}},"type":"binary-expr","locations":[{"start":{"line":76,"column":49},"end":{"line":76,"column":79}},{"start":{"line":76,"column":83},"end":{"line":76,"column":86}}]},"7":{"loc":{"start":{"line":76,"column":49},"end":{"line":76,"column":79}},"type":"cond-expr","locations":[{"start":{"line":76,"column":64},"end":{"line":76,"column":66}},{"start":{"line":76,"column":64},"end":{"line":76,"column":79}}]},"8":{"loc":{"start":{"line":76,"column":49},"end":{"line":76,"column":66}},"type":"binary-expr","locations":[{"start":{"line":76,"column":49},"end":{"line":76,"column":66}},{"start":{"line":76,"column":64},"end":{"line":76,"column":66}}]},"9":{"loc":{"start":{"line":76,"column":49},"end":{"line":76,"column":64}},"type":"cond-expr","locations":[{"start":{"line":76,"column":59},"end":{"line":76,"column":62}},{"start":{"line":76,"column":59},"end":{"line":76,"column":64}}]},"10":{"loc":{"start":{"line":76,"column":49},"end":{"line":76,"column":62}},"type":"binary-expr","locations":[{"start":{"line":76,"column":49},"end":{"line":76,"column":62}},{"start":{"line":76,"column":59},"end":{"line":76,"column":62}}]},"11":{"loc":{"start":{"line":76,"column":49},"end":{"line":76,"column":59}},"type":"cond-expr","locations":[{"start":{"line":76,"column":53},"end":{"line":76,"column":55}},{"start":{"line":76,"column":49},"end":{"line":76,"column":59}}]},"12":{"loc":{"start":{"line":76,"column":49},"end":{"line":76,"column":55}},"type":"binary-expr","locations":[{"start":{"line":76,"column":49},"end":{"line":76,"column":55}},{"start":{"line":76,"column":49},"end":{"line":76,"column":55}}]}},"s":{"0":0,"1":0,"2":0,"3":0,"4":0,"5":0,"6":0,"7":0,"8":0,"9":0,"10":0,"11":0,"12":0,"13":0,"14":0,"15":0,"16":0,"17":0,"18":0,"19":0,"20":0,"21":0},"f":{"0":0,"1":0,"2":0,"3":0,"4":0,"5":0,"6":0},"b":{"0":[0,0],"1":[0,0],"2":[0,0],"3":[0,0],"4":[0,0],"5":[0,0],"6":[0,0],"7":[0,0],"8":[0,0],"9":[0,0],"10":[0,0],"11":[0,0],"12":[0,0]}}
,"/home/sysredux/Code/Coding Temple/TS/FocusQuest-gamified-productivity/src/components/TaskForm.tsx": {"path":"/home/sysredux/Code/Coding Temple/TS/FocusQuest-gamified-productivity/src/components/TaskForm.tsx","statementMap":{"0":{"start":{"line":11,"column":0},"end":{"line":11,"column":16}},"1":{"start":{"line":1,"column":0},"end":{"line":1,"column":49}},"2":{"start":{"line":2,"column":0},"end":{"line":2,"column":48}},"3":{"start":{"line":3,"column":0},"end":{"line":3,"column":59}},"4":{"start":{"line":12,"column":21},"end":{"line":12,"column":37}},"5":{"start":{"line":13,"column":30},"end":{"line":13,"column":42}},"6":{"start":{"line":14,"column":42},"end":{"line":14,"column":54}},"7":{"start":{"line":15,"column":36},"end":{"line":15,"column":81}},"8":{"start":{"line":16,"column":34},"end":{"line":16,"column":54}},"9":{"start":{"line":17,"column":40},"end":{"line":17,"column":86}},"10":{"start":{"line":19,"column":25},"end":{"line":46,"column":5}},"11":{"start":{"line":20,"column":8},"end":{"line":20,"column":27}},"12":{"start":{"line":22,"column":21},"end":{"line":33,"column":null}},"13":{"start":{"line":37,"column":8},"end":{"line":37,"column":35}},"14":{"start":{"line":40,"column":8},"end":{"line":40,"column":21}},"15":{"start":{"line":41,"column":8},"end":{"line":41,"column":27}},"16":{"start":{"line":42,"column":8},"end":{"line":42,"column":30}},"17":{"start":{"line":43,"column":8},"end":{"line":43,"column":32}},"18":{"start":{"line":44,"column":8},"end":{"line":44,"column":23}},"19":{"start":{"line":45,"column":8},"end":{"line":45,"column":18}},"20":{"start":{"line":48,"column":4},"end":{"line":48,"column":29}},"21":{"start":{"line":48,"column":17},"end":{"line":48,"column":29}},"22":{"start":{"line":51,"column":4},"end":{"line":191,"column":6}},"23":{"start":{"line":57,"column":32},"end":{"line":57,"column":51}},"24":{"start":{"line":87,"column":45},"end":{"line":87,"column":69}},"25":{"start":{"line":104,"column":45},"end":{"line":104,"column":75}},"26":{"start":{"line":122,"column":45},"end":{"line":122,"column":101}},"27":{"start":{"line":142,"column":45},"end":{"line":142,"column":104}},"28":{"start":{"line":163,"column":45},"end":{"line":163,"column":71}}},"fnMap":{"0":{"name":"TaskForm","decl":{"start":{"line":11,"column":16},"end":{"line":11,"column":24}},"loc":{"start":{"line":11,"column":59},"end":{"line":192,"column":1}}},"1":{"name":"(anonymous_1)","decl":{"start":{"line":19,"column":25},"end":{"line":19,"column":26}},"loc":{"start":{"line":19,"column":42},"end":{"line":46,"column":5}}},"2":{"name":"(anonymous_2)","decl":{"start":{"line":57,"column":25},"end":{"line":57,"column":26}},"loc":{"start":{"line":57,"column":32},"end":{"line":57,"column":51}}},"3":{"name":"(anonymous_3)","decl":{"start":{"line":87,"column":38},"end":{"line":87,"column":39}},"loc":{"start":{"line":87,"column":45},"end":{"line":87,"column":69}}},"4":{"name":"(anonymous_4)","decl":{"start":{"line":104,"column":38},"end":{"line":104,"column":39}},"loc":{"start":{"line":104,"column":45},"end":{"line":104,"column":75}}},"5":{"name":"(anonymous_5)","decl":{"start":{"line":122,"column":38},"end":{"line":122,"column":39}},"loc":{"start":{"line":122,"column":45},"end":{"line":122,"column":101}}},"6":{"name":"(anonymous_6)","decl":{"start":{"line":142,"column":38},"end":{"line":142,"column":39}},"loc":{"start":{"line":142,"column":45},"end":{"line":142,"column":104}}},"7":{"name":"(anonymous_7)","decl":{"start":{"line":163,"column":38},"end":{"line":163,"column":39}},"loc":{"start":{"line":163,"column":45},"end":{"line":163,"column":71}}}},"branchMap":{"0":{"loc":{"start":{"line":33,"column":16},"end":{"line":33,"column":57}},"type":"binary-expr","locations":[{"start":{"line":33,"column":16},"end":{"line":33,"column":23}},{"start":{"line":33,"column":27},"end":{"line":33,"column":57}}]},"1":{"loc":{"start":{"line":48,"column":4},"end":{"line":48,"column":29}},"type":"if","locations":[{"start":{"line":48,"column":4},"end":{"line":48,"column":29}},{"start":{},"end":{}}]}},"s":{"0":0,"1":0,"2":0,"3":0,"4":0,"5":0,"6":0,"7":0,"8":0,"9":0,"10":0,"11":0,"12":0,"13":0,"14":0,"15":0,"16":0,"17":0,"18":0,"19":0,"20":0,"21":0,"22":0,"23":0,"24":0,"25":0,"26":0,"27":0,"28":0},"f":{"0":0,"1":0,"2":0,"3":0,"4":0,"5":0,"6":0,"7":0},"b":{"0":[0,0],"1":[0,0]}}
,"/home/sysredux/Code/Coding Temple/TS/FocusQuest-gamified-productivity/src/components/XPBar.tsx": {"path":"/home/sysredux/Code/Coding Temple/TS/FocusQuest-gamified-productivity/src/components/XPBar.tsx","statementMap":{"0":{"start":{"line":6,"column":0},"end":{"line":6,"column":16}},"1":{"start":{"line":3,"column":0},"end":{"line":3,"column":48}},"2":{"start":{"line":4,"column":0},"end":{"line":4,"column":104}},"3":{"start":{"line":7,"column":26},"end":{"line":7,"column":61}},"4":{"start":{"line":8,"column":20},"end":{"line":8,"column":49}},"5":{"start":{"line":9,"column":59},"end":{"line":9,"column":72}},"6":{"start":{"line":11,"column":4},"end":{"line":53,"column":6}}},"fnMap":{"0":{"name":"XPBar","decl":{"start":{"line":6,"column":16},"end":{"line":6,"column":21}},"loc":{"start":{"line":6,"column":21},"end":{"line":54,"column":1}}}},"branchMap":{},"s":{"0":0,"1":0,"2":0,"3":0,"4":0,"5":0,"6":0},"f":{"0":0},"b":{}}
,"/home/sysredux/Code/Coding Temple/TS/FocusQuest-gamified-productivity/src/context/Auth0ProviderWithNavigate.tsx": {"path":"/home/sysredux/Code/Coding Temple/TS/FocusQuest-gamified-productivity/src/context/Auth0ProviderWithNavigate.tsx","statementMap":{"0":{"start":{"line":1,"column":0},"end":{"line":1,"column":66}},"1":{"start":{"line":3,"column":0},"end":{"line":3,"column":47}},"2":{"start":{"line":9,"column":41},"end":{"line":46,"column":1}},"3":{"start":{"line":10,"column":21},"end":{"line":10,"column":34}},"4":{"start":{"line":12,"column":19},"end":{"line":12,"column":54}},"5":{"start":{"line":13,"column":21},"end":{"line":13,"column":55}},"6":{"start":{"line":14,"column":24},"end":{"line":14,"column":56}},"7":{"start":{"line":16,"column":31},"end":{"line":18,"column":5}},"8":{"start":{"line":17,"column":8},"end":{"line":17,"column":65}},"9":{"start":{"line":20,"column":4},"end":{"line":28,"column":5}},"10":{"start":{"line":21,"column":8},"end":{"line":27,"column":10}},"11":{"start":{"line":31,"column":4},"end":{"line":45,"column":6}},"12":{"start":{"line":9,"column":13},"end":{"line":9,"column":41}}},"fnMap":{"0":{"name":"(anonymous_0)","decl":{"start":{"line":9,"column":41},"end":{"line":9,"column":42}},"loc":{"start":{"line":9,"column":90},"end":{"line":46,"column":1}}},"1":{"name":"(anonymous_1)","decl":{"start":{"line":16,"column":31},"end":{"line":16,"column":32}},"loc":{"start":{"line":16,"column":55},"end":{"line":18,"column":5}}}},"branchMap":{"0":{"loc":{"start":{"line":17,"column":17},"end":{"line":17,"column":63}},"type":"binary-expr","locations":[{"start":{"line":17,"column":17},"end":{"line":17,"column":35}},{"start":{"line":17,"column":39},"end":{"line":17,"column":63}}]},"1":{"loc":{"start":{"line":17,"column":17},"end":{"line":17,"column":35}},"type":"cond-expr","locations":[{"start":{"line":17,"column":25},"end":{"line":17,"column":27}},{"start":{"line":17,"column":17},"end":{"line":17,"column":35}}]},"2":{"loc":{"start":{"line":17,"column":17},"end":{"line":17,"column":27}},"type":"binary-expr","locations":[{"start":{"line":17,"column":17},"end":{"line":17,"column":27}},{"start":{"line":17,"column":17},"end":{"line":17,"column":27}}]},"3":{"loc":{"start":{"line":20,"column":4},"end":{"line":28,"column":5}},"type":"if","locations":[{"start":{"line":20,"column":4},"end":{"line":28,"column":5}},{"start":{},"end":{}}]},"4":{"loc":{"start":{"line":20,"column":10},"end":{"line":20,"column":43}},"type":"binary-expr","locations":[{"start":{"line":20,"column":10},"end":{"line":20,"column":16}},{"start":{"line":20,"column":20},"end":{"line":20,"column":28}},{"start":{"line":20,"column":32},"end":{"line":20,"column":43}}]}},"s":{"0":0,"1":0,"2":0,"3":0,"4":0,"5":0,"6":0,"7":0,"8":0,"9":0,"10":0,"11":0,"12":0},"f":{"0":0,"1":0},"b":{"0":[0,0],"1":[0,0],"2":[0,0],"3":[0,0],"4":[0,0,0]}}
,"/home/sysredux/Code/Coding Temple/TS/FocusQuest-gamified-productivity/src/pages/Callback.tsx": {"path":"/home/sysredux/Code/Coding Temple/TS/FocusQuest-gamified-productivity/src/pages/Callback.tsx","statementMap":{"0":{"start":{"line":1,"column":0},"end":{"line":1,"column":46}},"1":{"start":{"line":3,"column":34},"end":{"line":25,"column":1}},"2":{"start":{"line":4,"column":22},"end":{"line":4,"column":32}},"3":{"start":{"line":6,"column":4},"end":{"line":15,"column":5}},"4":{"start":{"line":7,"column":8},"end":{"line":14,"column":10}},"5":{"start":{"line":18,"column":4},"end":{"line":24,"column":6}},"6":{"start":{"line":3,"column":13},"end":{"line":3,"column":34}}},"fnMap":{"0":{"name":"(anonymous_0)","decl":{"start":{"line":3,"column":34},"end":{"line":3,"column":37}},"loc":{"start":{"line":3,"column":39},"end":{"line":25,"column":1}}}},"branchMap":{"0":{"loc":{"start":{"line":6,"column":4},"end":{"line":15,"column":5}},"type":"if","locations":[{"start":{"line":6,"column":4},"end":{"line":15,"column":5}},{"start":{},"end":{}}]}},"s":{"0":0,"1":0,"2":0,"3":0,"4":0,"5":0,"6":0},"f":{"0":0},"b":{"0":[0,0]}}
,"/home/sysredux/Code/Coding Temple/TS/FocusQuest-gamified-productivity/src/pages/Dashboard.tsx": {"path":"/home/sysredux/Code/Coding Temple/TS/FocusQuest-gamified-productivity/src/pages/Dashboard.tsx","statementMap":{"0":{"start":{"line":1,"column":0},"end":{"line":1,"column":40}},"1":{"start":{"line":2,"column":0},"end":{"line":2,"column":64}},"2":{"start":{"line":3,"column":0},"end":{"line":3,"column":76}},"3":{"start":{"line":4,"column":0},"end":{"line":4,"column":87}},"4":{"start":{"line":5,"column":0},"end":{"line":5,"column":46}},"5":{"start":{"line":6,"column":0},"end":{"line":6,"column":50}},"6":{"start":{"line":7,"column":0},"end":{"line":7,"column":46}},"7":{"start":{"line":8,"column":0},"end":{"line":8,"column":40}},"8":{"start":{"line":10,"column":0},"end":{"line":10,"column":44}},"9":{"start":{"line":12,"column":35},"end":{"line":176,"column":1}},"10":{"start":{"line":13,"column":32},"end":{"line":13,"column":42}},"11":{"start":{"line":16,"column":18},"end":{"line":16,"column":48}},"12":{"start":{"line":17,"column":65},"end":{"line":17,"column":96}},"13":{"start":{"line":18,"column":21},"end":{"line":18,"column":37}},"14":{"start":{"line":20,"column":40},"end":{"line":20,"column":55}},"15":{"start":{"line":21,"column":44},"end":{"line":21,"column":71}},"16":{"start":{"line":23,"column":29},"end":{"line":34,"column":5}},"17":{"start":{"line":24,"column":8},"end":{"line":33,"column":9}},"18":{"start":{"line":26,"column":16},"end":{"line":26,"column":70}},"19":{"start":{"line":28,"column":16},"end":{"line":28,"column":79}},"20":{"start":{"line":30,"column":16},"end":{"line":30,"column":76}},"21":{"start":{"line":32,"column":16},"end":{"line":32,"column":59}},"22":{"start":{"line":36,"column":4},"end":{"line":44,"column":5}},"23":{"start":{"line":37,"column":8},"end":{"line":43,"column":10}},"24":{"start":{"line":47,"column":4},"end":{"line":175,"column":6}},"25":{"start":{"line":101,"column":47},"end":{"line":101,"column":66}},"26":{"start":{"line":118,"column":36},"end":{"line":119,"column":null}},"27":{"start":{"line":120,"column":55},"end":{"line":120,"column":76}},"28":{"start":{"line":130,"column":64},"end":{"line":130,"column":107}},"29":{"start":{"line":131,"column":64},"end":{"line":131,"column":83}},"30":{"start":{"line":167,"column":61},"end":{"line":167,"column":81}},"31":{"start":{"line":171,"column":35},"end":{"line":171,"column":56}},"32":{"start":{"line":12,"column":13},"end":{"line":12,"column":35}}},"fnMap":{"0":{"name":"(anonymous_0)","decl":{"start":{"line":12,"column":35},"end":{"line":12,"column":38}},"loc":{"start":{"line":12,"column":40},"end":{"line":176,"column":1}}},"1":{"name":"(anonymous_1)","decl":{"start":{"line":23,"column":29},"end":{"line":23,"column":30}},"loc":{"start":{"line":23,"column":50},"end":{"line":34,"column":5}}},"2":{"name":"(anonymous_2)","decl":{"start":{"line":101,"column":41},"end":{"line":101,"column":44}},"loc":{"start":{"line":101,"column":47},"end":{"line":101,"column":66}}},"3":{"name":"(anonymous_3)","decl":{"start":{"line":117,"column":43},"end":{"line":117,"column":47}},"loc":{"start":{"line":118,"column":36},"end":{"line":119,"column":null}}},"4":{"name":"(anonymous_4)","decl":{"start":{"line":120,"column":49},"end":{"line":120,"column":52}},"loc":{"start":{"line":120,"column":55},"end":{"line":120,"column":76}}},"5":{"name":"(anonymous_5)","decl":{"start":{"line":130,"column":58},"end":{"line":130,"column":61}},"loc":{"start":{"line":130,"column":64},"end":{"line":130,"column":107}}},"6":{"name":"(anonymous_6)","decl":{"start":{"line":131,"column":57},"end":{"line":131,"column":58}},"loc":{"start":{"line":131,"column":64},"end":{"line":131,"column":83}}},"7":{"name":"(anonymous_7)","decl":{"start":{"line":167,"column":55},"end":{"line":167,"column":58}},"loc":{"start":{"line":167,"column":61},"end":{"line":167,"column":81}}},"8":{"name":"(anonymous_8)","decl":{"start":{"line":171,"column":29},"end":{"line":171,"column":32}},"loc":{"start":{"line":171,"column":35},"end":{"line":171,"column":56}}}},"branchMap":{"0":{"loc":{"start":{"line":24,"column":8},"end":{"line":33,"column":9}},"type":"switch","locations":[{"start":{"line":25,"column":12},"end":{"line":26,"column":70}},{"start":{"line":27,"column":12},"end":{"line":28,"column":79}},{"start":{"line":29,"column":12},"end":{"line":30,"column":76}},{"start":{"line":31,"column":12},"end":{"line":32,"column":59}}]},"1":{"loc":{"start":{"line":36,"column":4},"end":{"line":44,"column":5}},"type":"if","locations":[{"start":{"line":36,"column":4},"end":{"line":44,"column":5}},{"start":{},"end":{}}]},"2":{"loc":{"start":{"line":55,"column":47},"end":{"line":55,"column":88}},"type":"binary-expr","locations":[{"start":{"line":55,"column":47},"end":{"line":55,"column":72}},{"start":{"line":55,"column":76},"end":{"line":55,"column":88}}]},"3":{"loc":{"start":{"line":55,"column":47},"end":{"line":55,"column":72}},"type":"cond-expr","locations":[{"start":{"line":55,"column":57},"end":{"line":55,"column":59}},{"start":{"line":55,"column":57},"end":{"line":55,"column":72}}]},"4":{"loc":{"start":{"line":55,"column":47},"end":{"line":55,"column":59}},"type":"binary-expr","locations":[{"start":{"line":55,"column":47},"end":{"line":55,"column":59}},{"start":{"line":55,"column":57},"end":{"line":55,"column":59}}]},"5":{"loc":{"start":{"line":55,"column":47},"end":{"line":55,"column":57}},"type":"cond-expr","locations":[{"start":{"line":55,"column":51},"end":{"line":55,"column":53}},{"start":{"line":55,"column":47},"end":{"line":55,"column":57}}]},"6":{"loc":{"start":{"line":55,"column":47},"end":{"line":55,"column":53}},"type":"binary-expr","locations":[{"start":{"line":55,"column":47},"end":{"line":55,"column":53}},{"start":{"line":55,"column":47},"end":{"line":55,"column":53}}]},"7":{"loc":{"start":{"line":109,"column":25},"end":{"line":161,"column":null}},"type":"cond-expr","locations":[{"start":{"line":110,"column":28},"end":{"line":113,"column":null}},{"start":{"line":116,"column":28},"end":{"line":160,"column":null}}]},"8":{"loc":{"start":{"line":123,"column":48},"end":{"line":123,"column":null}},"type":"cond-expr","locations":[{"start":{"line":123,"column":65},"end":{"line":123,"column":97}},{"start":{"line":123,"column":100},"end":{"line":123,"column":null}}]},"9":{"loc":{"start":{"line":136,"column":52},"end":{"line":136,"column":null}},"type":"cond-expr","locations":[{"start":{"line":136,"column":69},"end":{"line":136,"column":101}},{"start":{"line":136,"column":104},"end":{"line":136,"column":null}}]},"10":{"loc":{"start":{"line":141,"column":52},"end":{"line":141,"column":null}},"type":"cond-expr","locations":[{"start":{"line":141,"column":69},"end":{"line":141,"column":88}},{"start":{"line":141,"column":91},"end":{"line":141,"column":null}}]},"11":{"loc":{"start":{"line":151,"column":53},"end":{"line":154,"column":null}},"type":"binary-expr","locations":[{"start":{"line":151,"column":53},"end":{"line":151,"column":65}},{"start":{"line":152,"column":56},"end":{"line":153,"column":null}}]}},"s":{"0":0,"1":0,"2":0,"3":0,"4":0,"5":0,"6":0,"7":0,"8":0,"9":0,"10":0,"11":0,"12":0,"13":0,"14":0,"15":0,"16":0,"17":0,"18":0,"19":0,"20":0,"21":0,"22":0,"23":0,"24":0,"25":0,"26":0,"27":0,"28":0,"29":0,"30":0,"31":0,"32":0},"f":{"0":0,"1":0,"2":0,"3":0,"4":0,"5":0,"6":0,"7":0,"8":0},"b":{"0":[0,0,0,0],"1":[0,0],"2":[0,0],"3":[0,0],"4":[0,0],"5":[0,0],"6":[0,0],"7":[0,0],"8":[0,0],"9":[0,0],"10":[0,0],"11":[0,0]}}
,"/home/sysredux/Code/Coding Temple/TS/FocusQuest-gamified-productivity/src/pages/Login.tsx": {"path":"/home/sysredux/Code/Coding Temple/TS/FocusQuest-gamified-productivity/src/pages/Login.tsx","statementMap":{"0":{"start":{"line":1,"column":0},"end":{"line":1,"column":46}},"1":{"start":{"line":2,"column":0},"end":{"line":2,"column":56}},"2":{"start":{"line":3,"column":0},"end":{"line":3,"column":44}},"3":{"start":{"line":6,"column":31},"end":{"line":41,"column":1}},"4":{"start":{"line":7,"column":43},"end":{"line":7,"column":53}},"5":{"start":{"line":9,"column":4},"end":{"line":17,"column":5}},"6":{"start":{"line":10,"column":8},"end":{"line":16,"column":10}},"7":{"start":{"line":20,"column":4},"end":{"line":22,"column":5}},"8":{"start":{"line":21,"column":8},"end":{"line":21,"column":52}},"9":{"start":{"line":25,"column":4},"end":{"line":40,"column":6}},"10":{"start":{"line":6,"column":13},"end":{"line":6,"column":31}}},"fnMap":{"0":{"name":"(anonymous_0)","decl":{"start":{"line":6,"column":31},"end":{"line":6,"column":34}},"loc":{"start":{"line":6,"column":36},"end":{"line":41,"column":1}}}},"branchMap":{"0":{"loc":{"start":{"line":9,"column":4},"end":{"line":17,"column":5}},"type":"if","locations":[{"start":{"line":9,"column":4},"end":{"line":17,"column":5}},{"start":{},"end":{}}]},"1":{"loc":{"start":{"line":20,"column":4},"end":{"line":22,"column":5}},"type":"if","locations":[{"start":{"line":20,"column":4},"end":{"line":22,"column":5}},{"start":{},"end":{}}]}},"s":{"0":0,"1":0,"2":0,"3":0,"4":0,"5":0,"6":0,"7":0,"8":0,"9":0,"10":0},"f":{"0":0},"b":{"0":[0,0],"1":[0,0]}}
,"/home/sysredux/Code/Coding Temple/TS/FocusQuest-gamified-productivity/src/pages/ProfileModal.tsx": {"path":"/home/sysredux/Code/Coding Temple/TS/FocusQuest-gamified-productivity/src/pages/ProfileModal.tsx","statementMap":{"0":{"start":{"line":1,"column":0},"end":{"line":1,"column":46}},"1":{"start":{"line":9,"column":28},"end":{"line":112,"column":1}},"2":{"start":{"line":10,"column":73},"end":{"line":10,"column":83}},"3":{"start":{"line":12,"column":4},"end":{"line":14,"column":5}},"4":{"start":{"line":13,"column":8},"end":{"line":13,"column":20}},"5":{"start":{"line":16,"column":4},"end":{"line":20,"column":7}},"6":{"start":{"line":17,"column":8},"end":{"line":17,"column":44}},"7":{"start":{"line":19,"column":8},"end":{"line":19,"column":58}},"8":{"start":{"line":23,"column":4},"end":{"line":111,"column":6}},"9":{"start":{"line":31,"column":32},"end":{"line":31,"column":51}},"10":{"start":{"line":9,"column":13},"end":{"line":9,"column":28}}},"fnMap":{"0":{"name":"(anonymous_0)","decl":{"start":{"line":9,"column":28},"end":{"line":9,"column":29}},"loc":{"start":{"line":9,"column":91},"end":{"line":112,"column":1}}},"1":{"name":"(anonymous_1)","decl":{"start":{"line":16,"column":34},"end":{"line":16,"column":39}},"loc":{"start":{"line":16,"column":42},"end":{"line":18,"column":5}}},"2":{"name":"(anonymous_2)","decl":{"start":{"line":18,"column":13},"end":{"line":18,"column":16}},"loc":{"start":{"line":18,"column":19},"end":{"line":20,"column":5}}},"3":{"name":"(anonymous_3)","decl":{"start":{"line":31,"column":25},"end":{"line":31,"column":26}},"loc":{"start":{"line":31,"column":32},"end":{"line":31,"column":51}}}},"branchMap":{"0":{"loc":{"start":{"line":12,"column":4},"end":{"line":14,"column":5}},"type":"if","locations":[{"start":{"line":12,"column":4},"end":{"line":14,"column":5}},{"start":{},"end":{}}]},"1":{"loc":{"start":{"line":12,"column":8},"end":{"line":12,"column":35}},"type":"binary-expr","locations":[{"start":{"line":12,"column":8},"end":{"line":12,"column":15}},{"start":{"line":12,"column":19},"end":{"line":12,"column":35}}]},"2":{"loc":{"start":{"line":52,"column":21},"end":{"line":106,"column":null}},"type":"cond-expr","locations":[{"start":{"line":53,"column":24},"end":{"line":54,"column":null}},{"start":{"line":57,"column":24},"end":{"line":105,"column":null}}]},"3":{"loc":{"start":{"line":60,"column":33},"end":{"line":65,"column":null}},"type":"binary-expr","locations":[{"start":{"line":60,"column":33},"end":{"line":60,"column":46}},{"start":{"line":61,"column":36},"end":{"line":64,"column":null}}]},"4":{"loc":{"start":{"line":60,"column":33},"end":{"line":60,"column":46}},"type":"cond-expr","locations":[{"start":{"line":60,"column":37},"end":{"line":60,"column":39}},{"start":{"line":60,"column":33},"end":{"line":60,"column":46}}]},"5":{"loc":{"start":{"line":60,"column":33},"end":{"line":60,"column":39}},"type":"binary-expr","locations":[{"start":{"line":60,"column":33},"end":{"line":60,"column":39}},{"start":{"line":60,"column":33},"end":{"line":60,"column":39}}]},"6":{"loc":{"start":{"line":68,"column":85},"end":{"line":68,"column":95}},"type":"cond-expr","locations":[{"start":{"line":68,"column":89},"end":{"line":68,"column":91}},{"start":{"line":68,"column":85},"end":{"line":68,"column":95}}]},"7":{"loc":{"start":{"line":68,"column":85},"end":{"line":68,"column":91}},"type":"binary-expr","locations":[{"start":{"line":68,"column":85},"end":{"line":68,"column":91}},{"start":{"line":68,"column":85},"end":{"line":68,"column":91}}]},"8":{"loc":{"start":{"line":69,"column":78},"end":{"line":69,"column":89}},"type":"cond-expr","locations":[{"start":{"line":69,"column":82},"end":{"line":69,"column":84}},{"start":{"line":69,"column":78},"end":{"line":69,"column":89}}]},"9":{"loc":{"start":{"line":69,"column":78},"end":{"line":69,"column":84}},"type":"binary-expr","locations":[{"start":{"line":69,"column":78},"end":{"line":69,"column":84}},{"start":{"line":69,"column":78},"end":{"line":69,"column":84}}]},"10":{"loc":{"start":{"line":78,"column":94},"end":{"line":78,"column":103}},"type":"cond-expr","locations":[{"start":{"line":78,"column":98},"end":{"line":78,"column":100}},{"start":{"line":78,"column":94},"end":{"line":78,"column":103}}]},"11":{"loc":{"start":{"line":78,"column":94},"end":{"line":78,"column":100}},"type":"binary-expr","locations":[{"start":{"line":78,"column":94},"end":{"line":78,"column":100}},{"start":{"line":78,"column":94},"end":{"line":78,"column":100}}]},"12":{"loc":{"start":{"line":83,"column":66},"end":{"line":83,"column":96}},"type":"binary-expr","locations":[{"start":{"line":83,"column":66},"end":{"line":83,"column":80}},{"start":{"line":83,"column":84},"end":{"line":83,"column":96}}]},"13":{"loc":{"start":{"line":83,"column":66},"end":{"line":83,"column":80}},"type":"cond-expr","locations":[{"start":{"line":83,"column":70},"end":{"line":83,"column":72}},{"start":{"line":83,"column":66},"end":{"line":83,"column":80}}]},"14":{"loc":{"start":{"line":83,"column":66},"end":{"line":83,"column":72}},"type":"binary-expr","locations":[{"start":{"line":83,"column":66},"end":{"line":83,"column":72}},{"start":{"line":83,"column":66},"end":{"line":83,"column":72}}]},"15":{"loc":{"start":{"line":89,"column":41},"end":{"line":92,"column":null}},"type":"cond-expr","locations":[{"start":{"line":90,"column":44},"end":{"line":90,"column":94}},{"start":{"line":92,"column":44},"end":{"line":92,"column":96}}]},"16":{"loc":{"start":{"line":89,"column":41},"end":{"line":89,"column":61}},"type":"cond-expr","locations":[{"start":{"line":89,"column":45},"end":{"line":89,"column":47}},{"start":{"line":89,"column":41},"end":{"line":89,"column":61}}]},"17":{"loc":{"start":{"line":89,"column":41},"end":{"line":89,"column":47}},"type":"binary-expr","locations":[{"start":{"line":89,"column":41},"end":{"line":89,"column":47}},{"start":{"line":89,"column":41},"end":{"line":89,"column":47}}]}},"s":{"0":0,"1":0,"2":0,"3":0,"4":0,"5":0,"6":0,"7":0,"8":0,"9":0,"10":0},"f":{"0":0,"1":0,"2":0,"3":0},"b":{"0":[0,0],"1":[0,0],"2":[0,0],"3":[0,0],"4":[0,0],"5":[0,0],"6":[0,0],"7":[0,0],"8":[0,0],"9":[0,0],"10":[0,0],"11":[0,0],"12":[0,0],"13":[0,0],"14":[0,0],"15":[0,0],"16":[0,0],"17":[0,0]}}
,"/home/sysredux/Code/Coding Temple/TS/FocusQuest-gamified-productivity/src/pages/TaskModal.tsx": {"path":"/home/sysredux/Code/Coding Temple/TS/FocusQuest-gamified-productivity/src/pages/TaskModal.tsx","statementMap":{"0":{"start":{"line":1,"column":0},"end":{"line":1,"column":60}},"1":{"start":{"line":2,"column":0},"end":{"line":2,"column":48}},"2":{"start":{"line":3,"column":0},"end":{"line":3,"column":74}},"3":{"start":{"line":12,"column":25},"end":{"line":365,"column":1}},"4":{"start":{"line":13,"column":21},"end":{"line":13,"column":37}},"5":{"start":{"line":16,"column":38},"end":{"line":16,"column":53}},"6":{"start":{"line":17,"column":54},"end":{"line":17,"column":69}},"7":{"start":{"line":20,"column":36},"end":{"line":26,"column":6}},"8":{"start":{"line":29,"column":4},"end":{"line":39,"column":15}},"9":{"start":{"line":30,"column":8},"end":{"line":38,"column":9}},"10":{"start":{"line":31,"column":12},"end":{"line":37,"column":15}},"11":{"start":{"line":41,"column":4},"end":{"line":41,"column":38}},"12":{"start":{"line":41,"column":26},"end":{"line":41,"column":38}},"13":{"start":{"line":44,"column":25},"end":{"line":50,"column":5}},"14":{"start":{"line":45,"column":32},"end":{"line":45,"column":40}},"15":{"start":{"line":46,"column":8},"end":{"line":49,"column":12}},"16":{"start":{"line":46,"column":28},"end":{"line":48,"column":null}},"17":{"start":{"line":52,"column":27},"end":{"line":67,"column":5}},"18":{"start":{"line":53,"column":8},"end":{"line":53,"column":27}},"19":{"start":{"line":55,"column":8},"end":{"line":64,"column":12}},"20":{"start":{"line":66,"column":8},"end":{"line":66,"column":28}},"21":{"start":{"line":69,"column":25},"end":{"line":72,"column":5}},"22":{"start":{"line":70,"column":8},"end":{"line":70,"column":38}},"23":{"start":{"line":71,"column":8},"end":{"line":71,"column":18}},"24":{"start":{"line":74,"column":24},"end":{"line":78,"column":5}},"25":{"start":{"line":75,"column":8},"end":{"line":75,"column":28}},"26":{"start":{"line":76,"column":8},"end":{"line":76,"column":36}},"27":{"start":{"line":77,"column":8},"end":{"line":77,"column":18}},"28":{"start":{"line":80,"column":29},"end":{"line":91,"column":5}},"29":{"start":{"line":81,"column":8},"end":{"line":90,"column":9}},"30":{"start":{"line":83,"column":16},"end":{"line":83,"column":70}},"31":{"start":{"line":85,"column":16},"end":{"line":85,"column":79}},"32":{"start":{"line":87,"column":16},"end":{"line":87,"column":76}},"33":{"start":{"line":89,"column":16},"end":{"line":89,"column":59}},"34":{"start":{"line":93,"column":4},"end":{"line":364,"column":6}},"35":{"start":{"line":101,"column":32},"end":{"line":101,"column":51}},"36":{"start":{"line":223,"column":47},"end":{"line":223,"column":66}},"37":{"start":{"line":246,"column":48},"end":{"line":246,"column":126}},"38":{"start":{"line":318,"column":47},"end":{"line":318,"column":65}},"39":{"start":{"line":325,"column":47},"end":{"line":325,"column":73}},"40":{"start":{"line":345,"column":51},"end":{"line":345,"column":78}},"41":{"start":{"line":12,"column":13},"end":{"line":12,"column":25}}},"fnMap":{"0":{"name":"(anonymous_0)","decl":{"start":{"line":12,"column":25},"end":{"line":12,"column":26}},"loc":{"start":{"line":12,"column":71},"end":{"line":365,"column":1}}},"1":{"name":"(anonymous_1)","decl":{"start":{"line":29,"column":14},"end":{"line":29,"column":17}},"loc":{"start":{"line":29,"column":19},"end":{"line":39,"column":5}}},"2":{"name":"(anonymous_2)","decl":{"start":{"line":44,"column":25},"end":{"line":44,"column":26}},"loc":{"start":{"line":44,"column":110},"end":{"line":50,"column":5}}},"3":{"name":"(anonymous_3)","decl":{"start":{"line":46,"column":20},"end":{"line":46,"column":24}},"loc":{"start":{"line":46,"column":28},"end":{"line":48,"column":null}}},"4":{"name":"(anonymous_4)","decl":{"start":{"line":52,"column":27},"end":{"line":52,"column":28}},"loc":{"start":{"line":52,"column":44},"end":{"line":67,"column":5}}},"5":{"name":"(anonymous_5)","decl":{"start":{"line":69,"column":25},"end":{"line":69,"column":28}},"loc":{"start":{"line":69,"column":30},"end":{"line":72,"column":5}}},"6":{"name":"(anonymous_6)","decl":{"start":{"line":74,"column":24},"end":{"line":74,"column":27}},"loc":{"start":{"line":74,"column":29},"end":{"line":78,"column":5}}},"7":{"name":"(anonymous_7)","decl":{"start":{"line":80,"column":29},"end":{"line":80,"column":30}},"loc":{"start":{"line":80,"column":50},"end":{"line":91,"column":5}}},"8":{"name":"(anonymous_8)","decl":{"start":{"line":101,"column":25},"end":{"line":101,"column":26}},"loc":{"start":{"line":101,"column":32},"end":{"line":101,"column":51}}},"9":{"name":"(anonymous_9)","decl":{"start":{"line":223,"column":41},"end":{"line":223,"column":44}},"loc":{"start":{"line":223,"column":47},"end":{"line":223,"column":66}}},"10":{"name":"(anonymous_10)","decl":{"start":{"line":246,"column":42},"end":{"line":246,"column":45}},"loc":{"start":{"line":246,"column":48},"end":{"line":246,"column":126}}},"11":{"name":"(anonymous_11)","decl":{"start":{"line":318,"column":41},"end":{"line":318,"column":44}},"loc":{"start":{"line":318,"column":47},"end":{"line":318,"column":65}}},"12":{"name":"(anonymous_12)","decl":{"start":{"line":325,"column":41},"end":{"line":325,"column":44}},"loc":{"start":{"line":325,"column":47},"end":{"line":325,"column":73}}},"13":{"name":"(anonymous_13)","decl":{"start":{"line":345,"column":45},"end":{"line":345,"column":48}},"loc":{"start":{"line":345,"column":51},"end":{"line":345,"column":78}}}},"branchMap":{"0":{"loc":{"start":{"line":30,"column":8},"end":{"line":38,"column":9}},"type":"if","locations":[{"start":{"line":30,"column":8},"end":{"line":38,"column":9}},{"start":{},"end":{}}]},"1":{"loc":{"start":{"line":36,"column":25},"end":{"line":36,"column":95}},"type":"cond-expr","locations":[{"start":{"line":36,"column":40},"end":{"line":36,"column":90}},{"start":{"line":36,"column":93},"end":{"line":36,"column":95}}]},"2":{"loc":{"start":{"line":41,"column":4},"end":{"line":41,"column":38}},"type":"if","locations":[{"start":{"line":41,"column":4},"end":{"line":41,"column":38}},{"start":{},"end":{}}]},"3":{"loc":{"start":{"line":41,"column":8},"end":{"line":41,"column":24}},"type":"binary-expr","locations":[{"start":{"line":41,"column":8},"end":{"line":41,"column":15}},{"start":{"line":41,"column":19},"end":{"line":41,"column":24}}]},"4":{"loc":{"start":{"line":62,"column":25},"end":{"line":62,"column":82}},"type":"cond-expr","locations":[{"start":{"line":62,"column":44},"end":{"line":62,"column":70}},{"start":{"line":62,"column":73},"end":{"line":62,"column":82}}]},"5":{"loc":{"start":{"line":81,"column":8},"end":{"line":90,"column":9}},"type":"switch","locations":[{"start":{"line":82,"column":12},"end":{"line":83,"column":70}},{"start":{"line":84,"column":12},"end":{"line":85,"column":79}},{"start":{"line":86,"column":12},"end":{"line":87,"column":76}},{"start":{"line":88,"column":12},"end":{"line":89,"column":59}}]},"6":{"loc":{"start":{"line":107,"column":25},"end":{"line":107,"column":67}},"type":"cond-expr","locations":[{"start":{"line":107,"column":37},"end":{"line":107,"column":49}},{"start":{"line":107,"column":52},"end":{"line":107,"column":67}}]},"7":{"loc":{"start":{"line":121,"column":17},"end":{"line":332,"column":null}},"type":"cond-expr","locations":[{"start":{"line":123,"column":20},"end":{"line":236,"column":null}},{"start":{"line":240,"column":20},"end":{"line":331,"column":null}}]},"8":{"loc":{"start":{"line":250,"column":33},"end":{"line":250,"column":91}},"type":"cond-expr","locations":[{"start":{"line":250,"column":50},"end":{"line":250,"column":69}},{"start":{"line":250,"column":72},"end":{"line":250,"column":91}}]},"9":{"loc":{"start":{"line":280,"column":66},"end":{"line":280,"column":146}},"type":"cond-expr","locations":[{"start":{"line":280,"column":95},"end":{"line":280,"column":99}},{"start":{"line":280,"column":102},"end":{"line":280,"column":146}}]},"10":{"loc":{"start":{"line":280,"column":102},"end":{"line":280,"column":146}},"type":"cond-expr","locations":[{"start":{"line":280,"column":133},"end":{"line":280,"column":138}},{"start":{"line":280,"column":141},"end":{"line":280,"column":146}}]},"11":{"loc":{"start":{"line":285,"column":25},"end":{"line":296,"column":null}},"type":"binary-expr","locations":[{"start":{"line":285,"column":25},"end":{"line":285,"column":37}},{"start":{"line":286,"column":28},"end":{"line":295,"column":null}}]},"12":{"loc":{"start":{"line":336,"column":17},"end":{"line":360,"column":null}},"type":"binary-expr","locations":[{"start":{"line":336,"column":17},"end":{"line":336,"column":34}},{"start":{"line":337,"column":20},"end":{"line":359,"column":null}}]}},"s":{"0":0,"1":0,"2":0,"3":0,"4":0,"5":0,"6":0,"7":0,"8":0,"9":0,"10":0,"11":0,"12":0,"13":0,"14":0,"15":0,"16":0,"17":0,"18":0,"19":0,"20":0,"21":0,"22":0,"23":0,"24":0,"25":0,"26":0,"27":0,"28":0,"29":0,"30":0,"31":0,"32":0,"33":0,"34":0,"35":0,"36":0,"37":0,"38":0,"39":0,"40":0,"41":0},"f":{"0":0,"1":0,"2":0,"3":0,"4":0,"5":0,"6":0,"7":0,"8":0,"9":0,"10":0,"11":0,"12":0,"13":0},"b":{"0":[0,0],"1":[0,0],"2":[0,0],"3":[0,0],"4":[0,0],"5":[0,0,0,0],"6":[0,0],"7":[0,0],"8":[0,0],"9":[0,0],"10":[0,0],"11":[0,0],"12":[0,0]}}
,"/home/sysredux/Code/Coding Temple/TS/FocusQuest-gamified-productivity/src/store/hooks.ts": {"path":"/home/sysredux/Code/Coding Temple/TS/FocusQuest-gamified-productivity/src/store/hooks.ts","statementMap":{"0":{"start":{"line":3,"column":0},"end":{"line":3,"column":55}},"1":{"start":{"line":7,"column":13},"end":{"line":7,"column":67}},"2":{"start":{"line":10,"column":13},"end":{"line":10,"column":65}}},"fnMap":{},"branchMap":{},"s":{"0":0,"1":0,"2":0},"f":{},"b":{}}
,"/home/sysredux/Code/Coding Temple/TS/FocusQuest-gamified-productivity/src/store/store.ts": {"path":"/home/sysredux/Code/Coding Temple/TS/FocusQuest-gamified-productivity/src/store/store.ts","statementMap":{"0":{"start":{"line":3,"column":0},"end":{"line":3,"column":50}},"1":{"start":{"line":4,"column":0},"end":{"line":4,"column":53}},"2":{"start":{"line":5,"column":0},"end":{"line":5,"column":74}},"3":{"start":{"line":8,"column":13},"end":{"line":22,"column":3}},"4":{"start":{"line":15,"column":4},"end":{"line":21,"column":6}}},"fnMap":{"0":{"name":"(anonymous_1)","decl":{"start":{"line":14,"column":14},"end":{"line":14,"column":15}},"loc":{"start":{"line":15,"column":4},"end":{"line":21,"column":6}}}},"branchMap":{},"s":{"0":0,"1":0,"2":0,"3":0,"4":0},"f":{"0":0},"b":{}}
,"/home/sysredux/Code/Coding Temple/TS/FocusQuest-gamified-productivity/src/store/slices/tasks/tasksSelectors.ts": {"path":"/home/sysredux/Code/Coding Temple/TS/FocusQuest-gamified-productivity/src/store/slices/tasks/tasksSelectors.ts","statementMap":{"0":{"start":{"line":3,"column":0},"end":{"line":3,"column":50}},"1":{"start":{"line":7,"column":30},"end":{"line":7,"column":69}},"2":{"start":{"line":7,"column":52},"end":{"line":7,"column":69}},"3":{"start":{"line":7,"column":13},"end":{"line":7,"column":30}},"4":{"start":{"line":10,"column":13},"end":{"line":13,"column":2}},"5":{"start":{"line":12,"column":13},"end":{"line":12,"column":43}},"6":{"start":{"line":12,"column":31},"end":{"line":12,"column":42}},"7":{"start":{"line":15,"column":13},"end":{"line":18,"column":2}},"8":{"start":{"line":17,"column":13},"end":{"line":17,"column":44}},"9":{"start":{"line":17,"column":31},"end":{"line":17,"column":43}},"10":{"start":{"line":21,"column":30},"end":{"line":24,"column":null}},"11":{"start":{"line":22,"column":2},"end":{"line":24,"column":null}},"12":{"start":{"line":24,"column":15},"end":{"line":24,"column":47}},"13":{"start":{"line":24,"column":31},"end":{"line":24,"column":46}},"14":{"start":{"line":21,"column":13},"end":{"line":21,"column":30}},"15":{"start":{"line":28,"column":13},"end":{"line":38,"column":2}},"16":{"start":{"line":30,"column":32},"end":{"line":37,"column":4}}},"fnMap":{"0":{"name":"(anonymous_0)","decl":{"start":{"line":7,"column":30},"end":{"line":7,"column":31}},"loc":{"start":{"line":7,"column":52},"end":{"line":7,"column":69}}},"1":{"name":"(anonymous_1)","decl":{"start":{"line":12,"column":2},"end":{"line":12,"column":3}},"loc":{"start":{"line":12,"column":13},"end":{"line":12,"column":43}}},"2":{"name":"(anonymous_2)","decl":{"start":{"line":12,"column":26},"end":{"line":12,"column":27}},"loc":{"start":{"line":12,"column":31},"end":{"line":12,"column":42}}},"3":{"name":"(anonymous_3)","decl":{"start":{"line":17,"column":2},"end":{"line":17,"column":3}},"loc":{"start":{"line":17,"column":13},"end":{"line":17,"column":44}}},"4":{"name":"(anonymous_4)","decl":{"start":{"line":17,"column":26},"end":{"line":17,"column":27}},"loc":{"start":{"line":17,"column":31},"end":{"line":17,"column":43}}},"5":{"name":"(anonymous_5)","decl":{"start":{"line":21,"column":30},"end":{"line":21,"column":31}},"loc":{"start":{"line":22,"column":2},"end":{"line":24,"column":null}}},"6":{"name":"(anonymous_6)","decl":{"start":{"line":24,"column":4},"end":{"line":24,"column":5}},"loc":{"start":{"line":24,"column":15},"end":{"line":24,"column":47}}},"7":{"name":"(anonymous_7)","decl":{"start":{"line":24,"column":26},"end":{"line":24,"column":27}},"loc":{"start":{"line":24,"column":31},"end":{"line":24,"column":46}}},"8":{"name":"(anonymous_8)","decl":{"start":{"line":30,"column":2},"end":{"line":30,"column":3}},"loc":{"start":{"line":30,"column":32},"end":{"line":37,"column":4}}}},"branchMap":{"0":{"loc":{"start":{"line":34,"column":20},"end":{"line":36,"column":9}},"type":"cond-expr","locations":[{"start":{"line":35,"column":8},"end":{"line":35,"column":57}},{"start":{"line":36,"column":8},"end":{"line":36,"column":9}}]}},"s":{"0":0,"1":0,"2":0,"3":0,"4":0,"5":0,"6":0,"7":0,"8":0,"9":0,"10":0,"11":0,"12":0,"13":0,"14":0,"15":0,"16":0},"f":{"0":0,"1":0,"2":0,"3":0,"4":0,"5":0,"6":0,"7":0,"8":0},"b":{"0":[0,0]}}
,"/home/sysredux/Code/Coding Temple/TS/FocusQuest-gamified-productivity/src/store/slices/tasks/tasksSlice.ts": {"path":"/home/sysredux/Code/Coding Temple/TS/FocusQuest-gamified-productivity/src/store/slices/tasks/tasksSlice.ts","statementMap":{"0":{"start":{"line":3,"column":0},"end":{"line":3,"column":67}},"1":{"start":{"line":6,"column":0},"end":{"line":6,"column":58}},"2":{"start":{"line":7,"column":0},"end":{"line":7,"column":62}},"3":{"start":{"line":17,"column":33},"end":{"line":21,"column":2}},"4":{"start":{"line":24,"column":19},"end":{"line":65,"column":2}},"5":{"start":{"line":33,"column":6},"end":{"line":33,"column":39}},"6":{"start":{"line":37,"column":30},"end":{"line":37,"column":44}},"7":{"start":{"line":38,"column":19},"end":{"line":38,"column":53}},"8":{"start":{"line":38,"column":41},"end":{"line":38,"column":52}},"9":{"start":{"line":39,"column":6},"end":{"line":42,"column":7}},"10":{"start":{"line":41,"column":8},"end":{"line":41,"column":64}},"11":{"start":{"line":47,"column":6},"end":{"line":47,"column":69}},"12":{"start":{"line":47,"column":44},"end":{"line":47,"column":67}},"13":{"start":{"line":51,"column":19},"end":{"line":51,"column":65}},"14":{"start":{"line":51,"column":41},"end":{"line":51,"column":64}},"15":{"start":{"line":52,"column":6},"end":{"line":54,"column":7}},"16":{"start":{"line":53,"column":8},"end":{"line":53,"column":41}},"17":{"start":{"line":59,"column":19},"end":{"line":59,"column":65}},"18":{"start":{"line":59,"column":41},"end":{"line":59,"column":64}},"19":{"start":{"line":60,"column":6},"end":{"line":62,"column":7}},"20":{"start":{"line":61,"column":8},"end":{"line":61,"column":30}},"21":{"start":{"line":69,"column":40},"end":{"line":89,"column":1}},"22":{"start":{"line":70,"column":2},"end":{"line":88,"column":4}},"23":{"start":{"line":71,"column":18},"end":{"line":71,"column":28}},"24":{"start":{"line":72,"column":17},"end":{"line":72,"column":61}},"25":{"start":{"line":72,"column":45},"end":{"line":72,"column":60}},"26":{"start":{"line":74,"column":4},"end":{"line":74,"column":22}},"27":{"start":{"line":74,"column":15},"end":{"line":74,"column":22}},"28":{"start":{"line":77,"column":4},"end":{"line":77,"column":41}},"29":{"start":{"line":80,"column":4},"end":{"line":87,"column":5}},"30":{"start":{"line":81,"column":23},"end":{"line":81,"column":70}},"31":{"start":{"line":82,"column":6},"end":{"line":82,"column":32}},"32":{"start":{"line":83,"column":6},"end":{"line":83,"column":38}},"33":{"start":{"line":86,"column":6},"end":{"line":86,"column":50}},"34":{"start":{"line":69,"column":13},"end":{"line":69,"column":40}},"35":{"start":{"line":93,"column":13},"end":{"line":98,"column":null}},"36":{"start":{"line":102,"column":0},"end":{"line":102,"column":34}}},"fnMap":{"0":{"name":"(anonymous_0)","decl":{"start":{"line":31,"column":13},"end":{"line":31,"column":14}},"loc":{"start":{"line":31,"column":52},"end":{"line":34,"column":5}}},"1":{"name":"(anonymous_1)","decl":{"start":{"line":36,"column":16},"end":{"line":36,"column":17}},"loc":{"start":{"line":36,"column":89},"end":{"line":43,"column":5}}},"2":{"name":"(anonymous_2)","decl":{"start":{"line":38,"column":36},"end":{"line":38,"column":37}},"loc":{"start":{"line":38,"column":41},"end":{"line":38,"column":52}}},"3":{"name":"(anonymous_3)","decl":{"start":{"line":45,"column":16},"end":{"line":45,"column":17}},"loc":{"start":{"line":45,"column":57},"end":{"line":48,"column":5}}},"4":{"name":"(anonymous_4)","decl":{"start":{"line":47,"column":39},"end":{"line":47,"column":40}},"loc":{"start":{"line":47,"column":44},"end":{"line":47,"column":67}}},"5":{"name":"(anonymous_5)","decl":{"start":{"line":50,"column":24},"end":{"line":50,"column":25}},"loc":{"start":{"line":50,"column":65},"end":{"line":55,"column":5}}},"6":{"name":"(anonymous_6)","decl":{"start":{"line":51,"column":36},"end":{"line":51,"column":37}},"loc":{"start":{"line":51,"column":41},"end":{"line":51,"column":64}}},"7":{"name":"(anonymous_7)","decl":{"start":{"line":58,"column":19},"end":{"line":58,"column":20}},"loc":{"start":{"line":58,"column":60},"end":{"line":63,"column":5}}},"8":{"name":"(anonymous_8)","decl":{"start":{"line":59,"column":36},"end":{"line":59,"column":37}},"loc":{"start":{"line":59,"column":41},"end":{"line":59,"column":64}}},"9":{"name":"(anonymous_9)","decl":{"start":{"line":69,"column":40},"end":{"line":69,"column":41}},"loc":{"start":{"line":69,"column":59},"end":{"line":89,"column":1}}},"10":{"name":"(anonymous_10)","decl":{"start":{"line":70,"column":9},"end":{"line":70,"column":10}},"loc":{"start":{"line":70,"column":62},"end":{"line":88,"column":3}}},"11":{"name":"(anonymous_11)","decl":{"start":{"line":72,"column":40},"end":{"line":72,"column":41}},"loc":{"start":{"line":72,"column":45},"end":{"line":72,"column":60}}}},"branchMap":{"0":{"loc":{"start":{"line":39,"column":6},"end":{"line":42,"column":7}},"type":"if","locations":[{"start":{"line":39,"column":6},"end":{"line":42,"column":7}},{"start":{},"end":{}}]},"1":{"loc":{"start":{"line":52,"column":6},"end":{"line":54,"column":7}},"type":"if","locations":[{"start":{"line":52,"column":6},"end":{"line":54,"column":7}},{"start":{},"end":{}}]},"2":{"loc":{"start":{"line":60,"column":6},"end":{"line":62,"column":7}},"type":"if","locations":[{"start":{"line":60,"column":6},"end":{"line":62,"column":7}},{"start":{},"end":{}}]},"3":{"loc":{"start":{"line":74,"column":4},"end":{"line":74,"column":22}},"type":"if","locations":[{"start":{"line":74,"column":4},"end":{"line":74,"column":22}},{"start":{},"end":{}}]},"4":{"loc":{"start":{"line":80,"column":4},"end":{"line":87,"column":5}},"type":"if","locations":[{"start":{"line":80,"column":4},"end":{"line":87,"column":5}},{"start":{},"end":{}}]},"5":{"loc":{"start":{"line":80,"column":8},"end":{"line":80,"column":42}},"type":"binary-expr","locations":[{"start":{"line":80,"column":8},"end":{"line":80,"column":23}},{"start":{"line":80,"column":27},"end":{"line":80,"column":42}}]}},"s":{"0":0,"1":0,"2":0,"3":0,"4":0,"5":0,"6":0,"7":0,"8":0,"9":0,"10":0,"11":0,"12":0,"13":0,"14":0,"15":0,"16":0,"17":0,"18":0,"19":0,"20":0,"21":0,"22":0,"23":0,"24":0,"25":0,"26":0,"27":0,"28":0,"29":0,"30":0,"31":0,"32":0,"33":0,"34":0,"35":0,"36":0},"f":{"0":0,"1":0,"2":0,"3":0,"4":0,"5":0,"6":0,"7":0,"8":0,"9":0,"10":0,"11":0},"b":{"0":[0,0],"1":[0,0],"2":[0,0],"3":[0,0],"4":[0,0],"5":[0,0]}}
,"/home/sysredux/Code/Coding Temple/TS/FocusQuest-gamified-productivity/src/store/slices/userProgress/userProgressSelectors.ts": {"path":"/home/sysredux/Code/Coding Temple/TS/FocusQuest-gamified-productivity/src/store/slices/userProgress/userProgressSelectors.ts","statementMap":{"0":{"start":{"line":3,"column":0},"end":{"line":3,"column":50}},"1":{"start":{"line":5,"column":0},"end":{"line":5,"column":63}},"2":{"start":{"line":7,"column":34},"end":{"line":7,"column":74}},"3":{"start":{"line":7,"column":56},"end":{"line":7,"column":74}},"4":{"start":{"line":7,"column":13},"end":{"line":7,"column":34}},"5":{"start":{"line":9,"column":27},"end":{"line":9,"column":73}},"6":{"start":{"line":9,"column":49},"end":{"line":9,"column":73}},"7":{"start":{"line":9,"column":13},"end":{"line":9,"column":27}},"8":{"start":{"line":10,"column":31},"end":{"line":10,"column":81}},"9":{"start":{"line":10,"column":53},"end":{"line":10,"column":81}},"10":{"start":{"line":10,"column":13},"end":{"line":10,"column":31}},"11":{"start":{"line":11,"column":29},"end":{"line":11,"column":77}},"12":{"start":{"line":11,"column":51},"end":{"line":11,"column":77}},"13":{"start":{"line":11,"column":13},"end":{"line":11,"column":29}},"14":{"start":{"line":14,"column":13},"end":{"line":17,"column":2}},"15":{"start":{"line":16,"column":15},"end":{"line":16,"column":40}}},"fnMap":{"0":{"name":"(anonymous_0)","decl":{"start":{"line":7,"column":34},"end":{"line":7,"column":35}},"loc":{"start":{"line":7,"column":56},"end":{"line":7,"column":74}}},"1":{"name":"(anonymous_1)","decl":{"start":{"line":9,"column":27},"end":{"line":9,"column":28}},"loc":{"start":{"line":9,"column":49},"end":{"line":9,"column":73}}},"2":{"name":"(anonymous_2)","decl":{"start":{"line":10,"column":31},"end":{"line":10,"column":32}},"loc":{"start":{"line":10,"column":53},"end":{"line":10,"column":81}}},"3":{"name":"(anonymous_3)","decl":{"start":{"line":11,"column":29},"end":{"line":11,"column":30}},"loc":{"start":{"line":11,"column":51},"end":{"line":11,"column":77}}},"4":{"name":"(anonymous_4)","decl":{"start":{"line":16,"column":2},"end":{"line":16,"column":3}},"loc":{"start":{"line":16,"column":15},"end":{"line":16,"column":40}}}},"branchMap":{},"s":{"0":0,"1":0,"2":0,"3":0,"4":0,"5":0,"6":0,"7":0,"8":0,"9":0,"10":0,"11":0,"12":0,"13":0,"14":0,"15":0},"f":{"0":0,"1":0,"2":0,"3":0,"4":0},"b":{}}
,"/home/sysredux/Code/Coding Temple/TS/FocusQuest-gamified-productivity/src/store/slices/userProgress/userProgressSlice.ts": {"path":"/home/sysredux/Code/Coding Temple/TS/FocusQuest-gamified-productivity/src/store/slices/userProgress/userProgressSlice.ts","statementMap":{"0":{"start":{"line":3,"column":0},"end":{"line":3,"column":67}},"1":{"start":{"line":5,"column":0},"end":{"line":5,"column":61}},"2":{"start":{"line":13,"column":32},"end":{"line":23,"column":1}},"3":{"start":{"line":14,"column":17},"end":{"line":14,"column":65}},"4":{"start":{"line":15,"column":2},"end":{"line":21,"column":3}},"5":{"start":{"line":16,"column":4},"end":{"line":20,"column":5}},"6":{"start":{"line":17,"column":6},"end":{"line":17,"column":32}},"7":{"start":{"line":19,"column":6},"end":{"line":19,"column":52}},"8":{"start":{"line":22,"column":2},"end":{"line":22,"column":48}},"9":{"start":{"line":25,"column":18},"end":{"line":28,"column":null}},"10":{"start":{"line":31,"column":26},"end":{"line":66,"column":2}},"11":{"start":{"line":36,"column":21},"end":{"line":36,"column":35}},"12":{"start":{"line":37,"column":25},"end":{"line":37,"column":47}},"13":{"start":{"line":38,"column":23},"end":{"line":38,"column":49}},"14":{"start":{"line":40,"column":6},"end":{"line":40,"column":33}},"15":{"start":{"line":41,"column":6},"end":{"line":41,"column":49}},"16":{"start":{"line":42,"column":6},"end":{"line":42,"column":29}},"17":{"start":{"line":45,"column":6},"end":{"line":49,"column":10}},"18":{"start":{"line":53,"column":6},"end":{"line":53,"column":22}},"19":{"start":{"line":54,"column":6},"end":{"line":54,"column":26}},"20":{"start":{"line":55,"column":6},"end":{"line":55,"column":24}},"21":{"start":{"line":56,"column":6},"end":{"line":56,"column":58}},"22":{"start":{"line":61,"column":6},"end":{"line":61,"column":41}},"23":{"start":{"line":62,"column":6},"end":{"line":62,"column":49}},"24":{"start":{"line":63,"column":6},"end":{"line":63,"column":45}},"25":{"start":{"line":68,"column":13},"end":{"line":68,"column":53}},"26":{"start":{"line":69,"column":0},"end":{"line":69,"column":41}}},"fnMap":{"0":{"name":"(anonymous_0)","decl":{"start":{"line":13,"column":32},"end":{"line":13,"column":49}},"loc":{"start":{"line":13,"column":51},"end":{"line":23,"column":1}}},"1":{"name":"(anonymous_1)","decl":{"start":{"line":35,"column":11},"end":{"line":35,"column":12}},"loc":{"start":{"line":35,"column":52},"end":{"line":50,"column":5}}},"2":{"name":"(anonymous_2)","decl":{"start":{"line":52,"column":19},"end":{"line":52,"column":20}},"loc":{"start":{"line":52,"column":29},"end":{"line":57,"column":5}}},"3":{"name":"(anonymous_3)","decl":{"start":{"line":60,"column":17},"end":{"line":60,"column":18}},"loc":{"start":{"line":60,"column":64},"end":{"line":64,"column":5}}}},"branchMap":{"0":{"loc":{"start":{"line":15,"column":2},"end":{"line":21,"column":3}},"type":"if","locations":[{"start":{"line":15,"column":2},"end":{"line":21,"column":3}},{"start":{},"end":{}}]}},"s":{"0":0,"1":0,"2":0,"3":0,"4":0,"5":0,"6":0,"7":0,"8":0,"9":0,"10":0,"11":0,"12":0,"13":0,"14":0,"15":0,"16":0,"17":0,"18":0,"19":0,"20":0,"21":0,"22":0,"23":0,"24":0,"25":0,"26":0},"f":{"0":0,"1":0,"2":0,"3":0},"b":{"0":[0,0]}}
,"/home/sysredux/Code/Coding Temple/TS/FocusQuest-gamified-productivity/src/utils/gamification.ts": {"path":"/home/sysredux/Code/Coding Temple/TS/FocusQuest-gamified-productivity/src/utils/gamification.ts","statementMap":{"0":{"start":{"line":1,"column":13},"end":{"line":5,"column":2}},"1":{"start":{"line":7,"column":13},"end":{"line":11,"column":2}},"2":{"start":{"line":15,"column":31},"end":{"line":19,"column":1}},"3":{"start":{"line":16,"column":19},"end":{"line":16,"column":41}},"4":{"start":{"line":17,"column":23},"end":{"line":17,"column":53}},"5":{"start":{"line":18,"column":4},"end":{"line":18,"column":43}},"6":{"start":{"line":15,"column":13},"end":{"line":15,"column":31}},"7":{"start":{"line":23,"column":29},"end":{"line":25,"column":1}},"8":{"start":{"line":24,"column":4},"end":{"line":24,"column":50}},"9":{"start":{"line":23,"column":13},"end":{"line":23,"column":29}},"10":{"start":{"line":28,"column":30},"end":{"line":37,"column":1}},"11":{"start":{"line":29,"column":16},"end":{"line":29,"column":17}},"12":{"start":{"line":30,"column":19},"end":{"line":30,"column":20}},"13":{"start":{"line":32,"column":4},"end":{"line":35,"column":5}},"14":{"start":{"line":33,"column":8},"end":{"line":33,"column":16}},"15":{"start":{"line":34,"column":8},"end":{"line":34,"column":40}},"16":{"start":{"line":36,"column":4},"end":{"line":36,"column":21}},"17":{"start":{"line":28,"column":13},"end":{"line":28,"column":30}},"18":{"start":{"line":41,"column":32},"end":{"line":65,"column":1}},"19":{"start":{"line":42,"column":18},"end":{"line":42,"column":41}},"20":{"start":{"line":45,"column":30},"end":{"line":45,"column":31}},"21":{"start":{"line":46,"column":4},"end":{"line":48,"column":5}},"22":{"start":{"line":46,"column":17},"end":{"line":46,"column":18}},"23":{"start":{"line":47,"column":8},"end":{"line":47,"column":48}},"24":{"start":{"line":51,"column":22},"end":{"line":51,"column":51}},"25":{"start":{"line":54,"column":27},"end":{"line":54,"column":51}},"26":{"start":{"line":57,"column":21},"end":{"line":57,"column":70}},"27":{"start":{"line":59,"column":4},"end":{"line":64,"column":6}},"28":{"start":{"line":41,"column":13},"end":{"line":41,"column":32}}},"fnMap":{"0":{"name":"(anonymous_0)","decl":{"start":{"line":15,"column":31},"end":{"line":15,"column":32}},"loc":{"start":{"line":15,"column":119},"end":{"line":19,"column":1}}},"1":{"name":"(anonymous_1)","decl":{"start":{"line":23,"column":29},"end":{"line":23,"column":30}},"loc":{"start":{"line":23,"column":55},"end":{"line":25,"column":1}}},"2":{"name":"(anonymous_2)","decl":{"start":{"line":28,"column":30},"end":{"line":28,"column":31}},"loc":{"start":{"line":28,"column":58},"end":{"line":37,"column":1}}},"3":{"name":"(anonymous_3)","decl":{"start":{"line":41,"column":32},"end":{"line":41,"column":33}},"loc":{"start":{"line":41,"column":52},"end":{"line":65,"column":1}}}},"branchMap":{},"s":{"0":1,"1":1,"2":1,"3":27,"4":27,"5":27,"6":1,"7":1,"8":27633,"9":1,"10":1,"11":1069,"12":1069,"13":1069,"14":14205,"15":14205,"16":1069,"17":1,"18":1,"19":1021,"20":1021,"21":1021,"22":1021,"23":12385,"24":1021,"25":1021,"26":1021,"27":1021,"28":1},"f":{"0":27,"1":27633,"2":1069,"3":1021},"b":{}}
}
